2021-oct.-09 00:11:42.886 INFO  [main] t.e.s.t.EmployeServiceTest - Starting EmployeServiceTest on DESKTOP-QOEUFNO with PID 3156 (started by ASUS in C:\Users\ASUS\eclipse-workspace\Timesheet-spring-boot-core-data-jpa-mvc-REST-1)
2021-oct.-09 00:11:42.897 INFO  [main] t.e.s.t.EmployeServiceTest - No active profile set, falling back to default profiles: default
2021-oct.-09 00:11:43.760 INFO  [main] o.s.d.r.c.RepositoryConfigurationDelegate - Bootstrapping Spring Data repositories in DEFAULT mode.
2021-oct.-09 00:11:43.875 INFO  [main] o.s.d.r.c.RepositoryConfigurationDelegate - Finished Spring Data repository scanning in 101ms. Found 6 repository interfaces.
2021-oct.-09 00:11:44.415 INFO  [main] o.s.c.s.PostProcessorRegistrationDelegate$BeanPostProcessorChecker - Bean 'org.springframework.transaction.annotation.ProxyTransactionManagementConfiguration' of type [org.springframework.transaction.annotation.ProxyTransactionManagementConfiguration$$EnhancerBySpringCGLIB$$18b759d8] is not eligible for getting processed by all BeanPostProcessors (for example: not eligible for auto-proxying)
2021-oct.-09 00:11:44.695 INFO  [main] c.z.h.HikariDataSource - HikariPool-1 - Starting...
2021-oct.-09 00:11:44.910 INFO  [main] c.z.h.HikariDataSource - HikariPool-1 - Start completed.
2021-oct.-09 00:11:45.005 INFO  [main] o.h.j.i.u.LogHelper - HHH000204: Processing PersistenceUnitInfo [
	name: default
	...]
2021-oct.-09 00:11:45.115 INFO  [main] o.h.Version - HHH000412: Hibernate Core {5.3.9.Final}
2021-oct.-09 00:11:45.117 INFO  [main] o.h.c.Environment - HHH000206: hibernate.properties not found
2021-oct.-09 00:11:45.293 INFO  [main] o.h.a.c.Version - HCANN000001: Hibernate Commons Annotations {5.0.4.Final}
2021-oct.-09 00:11:45.542 INFO  [main] o.h.d.Dialect - HHH000400: Using dialect: org.hibernate.dialect.MySQL5Dialect
2021-oct.-09 00:11:46.645 INFO  [main] o.s.o.j.LocalContainerEntityManagerFactoryBean - Initialized JPA EntityManagerFactory for persistence unit 'default'
2021-oct.-09 00:11:47.054 INFO  [main] o.h.h.i.QueryTranslatorFactoryInitiator - HHH000397: Using ASTQueryTranslatorFactory
2021-oct.-09 00:11:48.097 INFO  [main] o.s.s.c.ThreadPoolTaskExecutor - Initializing ExecutorService 'applicationTaskExecutor'
2021-oct.-09 00:11:48.161 WARN  [main] o.s.b.a.o.j.JpaBaseConfiguration$JpaWebConfiguration$JpaWebMvcConfiguration - spring.jpa.open-in-view is enabled by default. Therefore, database queries may be performed during view rendering. Explicitly configure spring.jpa.open-in-view to disable this warning
2021-oct.-09 00:11:48.574 INFO  [main] t.e.s.t.EmployeServiceTest - Started EmployeServiceTest in 6.108 seconds (JVM running for 7.111)
2021-oct.-09 00:11:48.882 INFO  [Thread-1] o.s.s.c.ThreadPoolTaskExecutor - Shutting down ExecutorService 'applicationTaskExecutor'
2021-oct.-09 00:11:48.884 INFO  [Thread-1] o.s.o.j.LocalContainerEntityManagerFactoryBean - Closing JPA EntityManagerFactory for persistence unit 'default'
2021-oct.-09 00:11:48.887 INFO  [Thread-1] c.z.h.HikariDataSource - HikariPool-1 - Shutdown initiated...
2021-oct.-09 00:11:48.892 INFO  [Thread-1] c.z.h.HikariDataSource - HikariPool-1 - Shutdown completed.
2021-oct.-09 00:14:00.759 INFO  [main] t.e.s.t.EmployeServiceTest - Starting EmployeServiceTest on DESKTOP-QOEUFNO with PID 1292 (started by ASUS in C:\Users\ASUS\eclipse-workspace\Timesheet-spring-boot-core-data-jpa-mvc-REST-1)
2021-oct.-09 00:14:00.760 INFO  [main] t.e.s.t.EmployeServiceTest - No active profile set, falling back to default profiles: default
2021-oct.-09 00:14:01.633 INFO  [main] o.s.d.r.c.RepositoryConfigurationDelegate - Bootstrapping Spring Data repositories in DEFAULT mode.
2021-oct.-09 00:14:01.758 INFO  [main] o.s.d.r.c.RepositoryConfigurationDelegate - Finished Spring Data repository scanning in 112ms. Found 6 repository interfaces.
2021-oct.-09 00:14:02.268 INFO  [main] o.s.c.s.PostProcessorRegistrationDelegate$BeanPostProcessorChecker - Bean 'org.springframework.transaction.annotation.ProxyTransactionManagementConfiguration' of type [org.springframework.transaction.annotation.ProxyTransactionManagementConfiguration$$EnhancerBySpringCGLIB$$56c0c4f3] is not eligible for getting processed by all BeanPostProcessors (for example: not eligible for auto-proxying)
2021-oct.-09 00:14:02.545 INFO  [main] c.z.h.HikariDataSource - HikariPool-1 - Starting...
2021-oct.-09 00:14:02.724 INFO  [main] c.z.h.HikariDataSource - HikariPool-1 - Start completed.
2021-oct.-09 00:14:02.823 INFO  [main] o.h.j.i.u.LogHelper - HHH000204: Processing PersistenceUnitInfo [
	name: default
	...]
2021-oct.-09 00:14:02.936 INFO  [main] o.h.Version - HHH000412: Hibernate Core {5.3.9.Final}
2021-oct.-09 00:14:02.938 INFO  [main] o.h.c.Environment - HHH000206: hibernate.properties not found
2021-oct.-09 00:14:03.119 INFO  [main] o.h.a.c.Version - HCANN000001: Hibernate Commons Annotations {5.0.4.Final}
2021-oct.-09 00:14:03.364 INFO  [main] o.h.d.Dialect - HHH000400: Using dialect: org.hibernate.dialect.MySQL5Dialect
2021-oct.-09 00:14:04.431 INFO  [main] o.s.o.j.LocalContainerEntityManagerFactoryBean - Initialized JPA EntityManagerFactory for persistence unit 'default'
2021-oct.-09 00:14:04.810 INFO  [main] o.h.h.i.QueryTranslatorFactoryInitiator - HHH000397: Using ASTQueryTranslatorFactory
2021-oct.-09 00:14:05.859 INFO  [main] o.s.s.c.ThreadPoolTaskExecutor - Initializing ExecutorService 'applicationTaskExecutor'
2021-oct.-09 00:14:05.922 WARN  [main] o.s.b.a.o.j.JpaBaseConfiguration$JpaWebConfiguration$JpaWebMvcConfiguration - spring.jpa.open-in-view is enabled by default. Therefore, database queries may be performed during view rendering. Explicitly configure spring.jpa.open-in-view to disable this warning
2021-oct.-09 00:14:06.342 INFO  [main] t.e.s.t.EmployeServiceTest - Started EmployeServiceTest in 6.027 seconds (JVM running for 7.085)
2021-oct.-09 00:14:06.687 INFO  [Thread-1] o.s.s.c.ThreadPoolTaskExecutor - Shutting down ExecutorService 'applicationTaskExecutor'
2021-oct.-09 00:14:06.689 INFO  [Thread-1] o.s.o.j.LocalContainerEntityManagerFactoryBean - Closing JPA EntityManagerFactory for persistence unit 'default'
2021-oct.-09 00:14:06.692 INFO  [Thread-1] c.z.h.HikariDataSource - HikariPool-1 - Shutdown initiated...
2021-oct.-09 00:14:06.696 INFO  [Thread-1] c.z.h.HikariDataSource - HikariPool-1 - Shutdown completed.
2021-oct.-09 00:18:39.079 INFO  [main] t.e.s.t.EmployeServiceTest - Starting EmployeServiceTest on DESKTOP-QOEUFNO with PID 7388 (started by ASUS in C:\Users\ASUS\eclipse-workspace\Timesheet-spring-boot-core-data-jpa-mvc-REST-1)
2021-oct.-09 00:18:39.082 INFO  [main] t.e.s.t.EmployeServiceTest - No active profile set, falling back to default profiles: default
2021-oct.-09 00:18:39.957 INFO  [main] o.s.d.r.c.RepositoryConfigurationDelegate - Bootstrapping Spring Data repositories in DEFAULT mode.
2021-oct.-09 00:18:40.096 INFO  [main] o.s.d.r.c.RepositoryConfigurationDelegate - Finished Spring Data repository scanning in 123ms. Found 6 repository interfaces.
2021-oct.-09 00:18:40.675 INFO  [main] o.s.c.s.PostProcessorRegistrationDelegate$BeanPostProcessorChecker - Bean 'org.springframework.transaction.annotation.ProxyTransactionManagementConfiguration' of type [org.springframework.transaction.annotation.ProxyTransactionManagementConfiguration$$EnhancerBySpringCGLIB$$d1a2e98f] is not eligible for getting processed by all BeanPostProcessors (for example: not eligible for auto-proxying)
2021-oct.-09 00:18:40.925 INFO  [main] c.z.h.HikariDataSource - HikariPool-1 - Starting...
2021-oct.-09 00:18:41.096 INFO  [main] c.z.h.HikariDataSource - HikariPool-1 - Start completed.
2021-oct.-09 00:18:41.216 INFO  [main] o.h.j.i.u.LogHelper - HHH000204: Processing PersistenceUnitInfo [
	name: default
	...]
2021-oct.-09 00:18:41.319 INFO  [main] o.h.Version - HHH000412: Hibernate Core {5.3.9.Final}
2021-oct.-09 00:18:41.322 INFO  [main] o.h.c.Environment - HHH000206: hibernate.properties not found
2021-oct.-09 00:18:41.504 INFO  [main] o.h.a.c.Version - HCANN000001: Hibernate Commons Annotations {5.0.4.Final}
2021-oct.-09 00:18:41.747 INFO  [main] o.h.d.Dialect - HHH000400: Using dialect: org.hibernate.dialect.MySQL5Dialect
2021-oct.-09 00:18:42.832 INFO  [main] o.s.o.j.LocalContainerEntityManagerFactoryBean - Initialized JPA EntityManagerFactory for persistence unit 'default'
2021-oct.-09 00:18:43.221 INFO  [main] o.h.h.i.QueryTranslatorFactoryInitiator - HHH000397: Using ASTQueryTranslatorFactory
2021-oct.-09 00:18:44.313 INFO  [main] o.s.s.c.ThreadPoolTaskExecutor - Initializing ExecutorService 'applicationTaskExecutor'
2021-oct.-09 00:18:44.380 WARN  [main] o.s.b.a.o.j.JpaBaseConfiguration$JpaWebConfiguration$JpaWebMvcConfiguration - spring.jpa.open-in-view is enabled by default. Therefore, database queries may be performed during view rendering. Explicitly configure spring.jpa.open-in-view to disable this warning
2021-oct.-09 00:18:44.796 INFO  [main] t.e.s.t.EmployeServiceTest - Started EmployeServiceTest in 6.135 seconds (JVM running for 7.134)
2021-oct.-09 00:18:45.183 INFO  [Thread-1] o.s.s.c.ThreadPoolTaskExecutor - Shutting down ExecutorService 'applicationTaskExecutor'
2021-oct.-09 00:18:45.185 INFO  [Thread-1] o.s.o.j.LocalContainerEntityManagerFactoryBean - Closing JPA EntityManagerFactory for persistence unit 'default'
2021-oct.-09 00:18:45.189 INFO  [Thread-1] c.z.h.HikariDataSource - HikariPool-1 - Shutdown initiated...
2021-oct.-09 00:18:45.194 INFO  [Thread-1] c.z.h.HikariDataSource - HikariPool-1 - Shutdown completed.
2021-oct.-09 00:47:44.859 INFO  [main] t.e.s.t.EmployeServiceTest - Starting EmployeServiceTest on DESKTOP-QOEUFNO with PID 10908 (started by ASUS in C:\Users\ASUS\eclipse-workspace\Timesheet-spring-boot-core-data-jpa-mvc-REST-1)
2021-oct.-09 00:47:44.861 INFO  [main] t.e.s.t.EmployeServiceTest - No active profile set, falling back to default profiles: default
2021-oct.-09 00:47:45.733 INFO  [main] o.s.d.r.c.RepositoryConfigurationDelegate - Bootstrapping Spring Data repositories in DEFAULT mode.
2021-oct.-09 00:47:45.849 INFO  [main] o.s.d.r.c.RepositoryConfigurationDelegate - Finished Spring Data repository scanning in 103ms. Found 6 repository interfaces.
2021-oct.-09 00:47:46.354 INFO  [main] o.s.c.s.PostProcessorRegistrationDelegate$BeanPostProcessorChecker - Bean 'org.springframework.transaction.annotation.ProxyTransactionManagementConfiguration' of type [org.springframework.transaction.annotation.ProxyTransactionManagementConfiguration$$EnhancerBySpringCGLIB$$4d883c7e] is not eligible for getting processed by all BeanPostProcessors (for example: not eligible for auto-proxying)
2021-oct.-09 00:47:46.622 INFO  [main] c.z.h.HikariDataSource - HikariPool-1 - Starting...
2021-oct.-09 00:47:46.801 INFO  [main] c.z.h.HikariDataSource - HikariPool-1 - Start completed.
2021-oct.-09 00:47:46.891 INFO  [main] o.h.j.i.u.LogHelper - HHH000204: Processing PersistenceUnitInfo [
	name: default
	...]
2021-oct.-09 00:47:46.983 INFO  [main] o.h.Version - HHH000412: Hibernate Core {5.3.9.Final}
2021-oct.-09 00:47:46.985 INFO  [main] o.h.c.Environment - HHH000206: hibernate.properties not found
2021-oct.-09 00:47:47.144 INFO  [main] o.h.a.c.Version - HCANN000001: Hibernate Commons Annotations {5.0.4.Final}
2021-oct.-09 00:47:47.384 INFO  [main] o.h.d.Dialect - HHH000400: Using dialect: org.hibernate.dialect.MySQL5Dialect
2021-oct.-09 00:47:48.548 INFO  [main] o.s.o.j.LocalContainerEntityManagerFactoryBean - Initialized JPA EntityManagerFactory for persistence unit 'default'
2021-oct.-09 00:47:49.042 INFO  [main] o.h.h.i.QueryTranslatorFactoryInitiator - HHH000397: Using ASTQueryTranslatorFactory
2021-oct.-09 00:47:50.173 INFO  [main] o.s.s.c.ThreadPoolTaskExecutor - Initializing ExecutorService 'applicationTaskExecutor'
2021-oct.-09 00:47:50.234 WARN  [main] o.s.b.a.o.j.JpaBaseConfiguration$JpaWebConfiguration$JpaWebMvcConfiguration - spring.jpa.open-in-view is enabled by default. Therefore, database queries may be performed during view rendering. Explicitly configure spring.jpa.open-in-view to disable this warning
2021-oct.-09 00:47:50.699 INFO  [main] t.e.s.t.EmployeServiceTest - Started EmployeServiceTest in 6.254 seconds (JVM running for 7.286)
2021-oct.-09 00:47:51.127 INFO  [Thread-1] o.s.s.c.ThreadPoolTaskExecutor - Shutting down ExecutorService 'applicationTaskExecutor'
2021-oct.-09 00:47:51.130 INFO  [Thread-1] o.s.o.j.LocalContainerEntityManagerFactoryBean - Closing JPA EntityManagerFactory for persistence unit 'default'
2021-oct.-09 00:47:51.133 INFO  [Thread-1] c.z.h.HikariDataSource - HikariPool-1 - Shutdown initiated...
2021-oct.-09 00:47:51.138 INFO  [Thread-1] c.z.h.HikariDataSource - HikariPool-1 - Shutdown completed.
2021-oct.-09 00:50:08.935 INFO  [main] t.e.s.t.EmployeServiceTest - Starting EmployeServiceTest on DESKTOP-QOEUFNO with PID 6628 (started by ASUS in C:\Users\ASUS\eclipse-workspace\Timesheet-spring-boot-core-data-jpa-mvc-REST-1)
2021-oct.-09 00:50:08.936 INFO  [main] t.e.s.t.EmployeServiceTest - No active profile set, falling back to default profiles: default
2021-oct.-09 00:50:09.761 INFO  [main] o.s.d.r.c.RepositoryConfigurationDelegate - Bootstrapping Spring Data repositories in DEFAULT mode.
2021-oct.-09 00:50:09.878 INFO  [main] o.s.d.r.c.RepositoryConfigurationDelegate - Finished Spring Data repository scanning in 100ms. Found 6 repository interfaces.
2021-oct.-09 00:50:10.376 INFO  [main] o.s.c.s.PostProcessorRegistrationDelegate$BeanPostProcessorChecker - Bean 'org.springframework.transaction.annotation.ProxyTransactionManagementConfiguration' of type [org.springframework.transaction.annotation.ProxyTransactionManagementConfiguration$$EnhancerBySpringCGLIB$$4d8720cb] is not eligible for getting processed by all BeanPostProcessors (for example: not eligible for auto-proxying)
2021-oct.-09 00:50:10.653 INFO  [main] c.z.h.HikariDataSource - HikariPool-1 - Starting...
2021-oct.-09 00:50:10.842 INFO  [main] c.z.h.HikariDataSource - HikariPool-1 - Start completed.
2021-oct.-09 00:50:10.929 INFO  [main] o.h.j.i.u.LogHelper - HHH000204: Processing PersistenceUnitInfo [
	name: default
	...]
2021-oct.-09 00:50:11.024 INFO  [main] o.h.Version - HHH000412: Hibernate Core {5.3.9.Final}
2021-oct.-09 00:50:11.026 INFO  [main] o.h.c.Environment - HHH000206: hibernate.properties not found
2021-oct.-09 00:50:11.196 INFO  [main] o.h.a.c.Version - HCANN000001: Hibernate Commons Annotations {5.0.4.Final}
2021-oct.-09 00:50:11.445 INFO  [main] o.h.d.Dialect - HHH000400: Using dialect: org.hibernate.dialect.MySQL5Dialect
2021-oct.-09 00:50:12.488 INFO  [main] o.s.o.j.LocalContainerEntityManagerFactoryBean - Initialized JPA EntityManagerFactory for persistence unit 'default'
2021-oct.-09 00:50:12.863 INFO  [main] o.h.h.i.QueryTranslatorFactoryInitiator - HHH000397: Using ASTQueryTranslatorFactory
2021-oct.-09 00:50:13.942 INFO  [main] o.s.s.c.ThreadPoolTaskExecutor - Initializing ExecutorService 'applicationTaskExecutor'
2021-oct.-09 00:50:14.013 WARN  [main] o.s.b.a.o.j.JpaBaseConfiguration$JpaWebConfiguration$JpaWebMvcConfiguration - spring.jpa.open-in-view is enabled by default. Therefore, database queries may be performed during view rendering. Explicitly configure spring.jpa.open-in-view to disable this warning
2021-oct.-09 00:50:14.435 INFO  [main] t.e.s.t.EmployeServiceTest - Started EmployeServiceTest in 5.92 seconds (JVM running for 7.023)
2021-oct.-09 00:50:14.808 WARN  [main] o.h.e.l.i.LoadContexts - HHH000100: Fail-safe cleanup (collections) : org.hibernate.engine.loading.internal.CollectionLoadContext@23dda7a3<rs=HikariProxyResultSet@1362881676 wrapping Result set representing update count of -1>
2021-oct.-09 00:50:14.809 WARN  [main] o.h.e.l.i.CollectionLoadContext - HHH000160: On CollectionLoadContext#cleanup, localLoadingCollectionKeys contained [1] entries
2021-oct.-09 00:50:14.835 INFO  [Thread-1] o.s.s.c.ThreadPoolTaskExecutor - Shutting down ExecutorService 'applicationTaskExecutor'
2021-oct.-09 00:50:14.838 INFO  [Thread-1] o.s.o.j.LocalContainerEntityManagerFactoryBean - Closing JPA EntityManagerFactory for persistence unit 'default'
2021-oct.-09 00:50:14.841 INFO  [Thread-1] c.z.h.HikariDataSource - HikariPool-1 - Shutdown initiated...
2021-oct.-09 00:50:14.846 INFO  [Thread-1] c.z.h.HikariDataSource - HikariPool-1 - Shutdown completed.
2021-oct.-09 00:52:20.469 INFO  [main] t.e.s.t.EmployeServiceTest - Starting EmployeServiceTest on DESKTOP-QOEUFNO with PID 10380 (started by ASUS in C:\Users\ASUS\eclipse-workspace\Timesheet-spring-boot-core-data-jpa-mvc-REST-1)
2021-oct.-09 00:52:20.471 INFO  [main] t.e.s.t.EmployeServiceTest - No active profile set, falling back to default profiles: default
2021-oct.-09 00:52:21.278 INFO  [main] o.s.d.r.c.RepositoryConfigurationDelegate - Bootstrapping Spring Data repositories in DEFAULT mode.
2021-oct.-09 00:52:21.393 INFO  [main] o.s.d.r.c.RepositoryConfigurationDelegate - Finished Spring Data repository scanning in 103ms. Found 6 repository interfaces.
2021-oct.-09 00:52:21.925 INFO  [main] o.s.c.s.PostProcessorRegistrationDelegate$BeanPostProcessorChecker - Bean 'org.springframework.transaction.annotation.ProxyTransactionManagementConfiguration' of type [org.springframework.transaction.annotation.ProxyTransactionManagementConfiguration$$EnhancerBySpringCGLIB$$73665473] is not eligible for getting processed by all BeanPostProcessors (for example: not eligible for auto-proxying)
2021-oct.-09 00:52:22.202 INFO  [main] c.z.h.HikariDataSource - HikariPool-1 - Starting...
2021-oct.-09 00:52:22.375 INFO  [main] c.z.h.HikariDataSource - HikariPool-1 - Start completed.
2021-oct.-09 00:52:22.470 INFO  [main] o.h.j.i.u.LogHelper - HHH000204: Processing PersistenceUnitInfo [
	name: default
	...]
2021-oct.-09 00:52:22.565 INFO  [main] o.h.Version - HHH000412: Hibernate Core {5.3.9.Final}
2021-oct.-09 00:52:22.567 INFO  [main] o.h.c.Environment - HHH000206: hibernate.properties not found
2021-oct.-09 00:52:22.736 INFO  [main] o.h.a.c.Version - HCANN000001: Hibernate Commons Annotations {5.0.4.Final}
2021-oct.-09 00:52:22.976 INFO  [main] o.h.d.Dialect - HHH000400: Using dialect: org.hibernate.dialect.MySQL5Dialect
2021-oct.-09 00:52:24.021 INFO  [main] o.s.o.j.LocalContainerEntityManagerFactoryBean - Initialized JPA EntityManagerFactory for persistence unit 'default'
2021-oct.-09 00:52:24.436 INFO  [main] o.h.h.i.QueryTranslatorFactoryInitiator - HHH000397: Using ASTQueryTranslatorFactory
2021-oct.-09 00:52:25.510 INFO  [main] o.s.s.c.ThreadPoolTaskExecutor - Initializing ExecutorService 'applicationTaskExecutor'
2021-oct.-09 00:52:25.577 WARN  [main] o.s.b.a.o.j.JpaBaseConfiguration$JpaWebConfiguration$JpaWebMvcConfiguration - spring.jpa.open-in-view is enabled by default. Therefore, database queries may be performed during view rendering. Explicitly configure spring.jpa.open-in-view to disable this warning
2021-oct.-09 00:52:25.999 INFO  [main] t.e.s.t.EmployeServiceTest - Started EmployeServiceTest in 5.934 seconds (JVM running for 6.974)
2021-oct.-09 00:52:26.365 WARN  [main] o.h.e.l.i.LoadContexts - HHH000100: Fail-safe cleanup (collections) : org.hibernate.engine.loading.internal.CollectionLoadContext@3dbf3bc<rs=HikariProxyResultSet@1799784208 wrapping Result set representing update count of -1>
2021-oct.-09 00:52:26.365 WARN  [main] o.h.e.l.i.CollectionLoadContext - HHH000160: On CollectionLoadContext#cleanup, localLoadingCollectionKeys contained [1] entries
2021-oct.-09 00:52:26.393 INFO  [Thread-1] o.s.s.c.ThreadPoolTaskExecutor - Shutting down ExecutorService 'applicationTaskExecutor'
2021-oct.-09 00:52:26.395 INFO  [Thread-1] o.s.o.j.LocalContainerEntityManagerFactoryBean - Closing JPA EntityManagerFactory for persistence unit 'default'
2021-oct.-09 00:52:26.399 INFO  [Thread-1] c.z.h.HikariDataSource - HikariPool-1 - Shutdown initiated...
2021-oct.-09 00:52:26.403 INFO  [Thread-1] c.z.h.HikariDataSource - HikariPool-1 - Shutdown completed.
2021-oct.-09 00:55:15.560 INFO  [main] t.e.s.t.EmployeServiceTest - Starting EmployeServiceTest on DESKTOP-QOEUFNO with PID 5856 (started by ASUS in C:\Users\ASUS\eclipse-workspace\Timesheet-spring-boot-core-data-jpa-mvc-REST-1)
2021-oct.-09 00:55:15.561 INFO  [main] t.e.s.t.EmployeServiceTest - No active profile set, falling back to default profiles: default
2021-oct.-09 00:55:16.415 INFO  [main] o.s.d.r.c.RepositoryConfigurationDelegate - Bootstrapping Spring Data repositories in DEFAULT mode.
2021-oct.-09 00:55:16.533 INFO  [main] o.s.d.r.c.RepositoryConfigurationDelegate - Finished Spring Data repository scanning in 105ms. Found 6 repository interfaces.
2021-oct.-09 00:55:17.032 INFO  [main] o.s.c.s.PostProcessorRegistrationDelegate$BeanPostProcessorChecker - Bean 'org.springframework.transaction.annotation.ProxyTransactionManagementConfiguration' of type [org.springframework.transaction.annotation.ProxyTransactionManagementConfiguration$$EnhancerBySpringCGLIB$$4a7034ca] is not eligible for getting processed by all BeanPostProcessors (for example: not eligible for auto-proxying)
2021-oct.-09 00:55:17.299 INFO  [main] c.z.h.HikariDataSource - HikariPool-1 - Starting...
2021-oct.-09 00:55:17.508 INFO  [main] c.z.h.HikariDataSource - HikariPool-1 - Start completed.
2021-oct.-09 00:55:17.624 INFO  [main] o.h.j.i.u.LogHelper - HHH000204: Processing PersistenceUnitInfo [
	name: default
	...]
2021-oct.-09 00:55:17.729 INFO  [main] o.h.Version - HHH000412: Hibernate Core {5.3.9.Final}
2021-oct.-09 00:55:17.731 INFO  [main] o.h.c.Environment - HHH000206: hibernate.properties not found
2021-oct.-09 00:55:17.931 INFO  [main] o.h.a.c.Version - HCANN000001: Hibernate Commons Annotations {5.0.4.Final}
2021-oct.-09 00:55:18.184 INFO  [main] o.h.d.Dialect - HHH000400: Using dialect: org.hibernate.dialect.MySQL5Dialect
2021-oct.-09 00:55:19.212 INFO  [main] o.s.o.j.LocalContainerEntityManagerFactoryBean - Initialized JPA EntityManagerFactory for persistence unit 'default'
2021-oct.-09 00:55:19.612 INFO  [main] o.h.h.i.QueryTranslatorFactoryInitiator - HHH000397: Using ASTQueryTranslatorFactory
2021-oct.-09 00:55:20.716 INFO  [main] o.s.s.c.ThreadPoolTaskExecutor - Initializing ExecutorService 'applicationTaskExecutor'
2021-oct.-09 00:55:20.781 WARN  [main] o.s.b.a.o.j.JpaBaseConfiguration$JpaWebConfiguration$JpaWebMvcConfiguration - spring.jpa.open-in-view is enabled by default. Therefore, database queries may be performed during view rendering. Explicitly configure spring.jpa.open-in-view to disable this warning
2021-oct.-09 00:55:21.199 INFO  [main] t.e.s.t.EmployeServiceTest - Started EmployeServiceTest in 6.084 seconds (JVM running for 7.118)
2021-oct.-09 00:55:21.578 WARN  [main] o.h.e.l.i.LoadContexts - HHH000100: Fail-safe cleanup (collections) : org.hibernate.engine.loading.internal.CollectionLoadContext@24bdd996<rs=HikariProxyResultSet@617504076 wrapping Result set representing update count of -1>
2021-oct.-09 00:55:21.579 WARN  [main] o.h.e.l.i.CollectionLoadContext - HHH000160: On CollectionLoadContext#cleanup, localLoadingCollectionKeys contained [1] entries
2021-oct.-09 00:55:21.605 INFO  [Thread-1] o.s.s.c.ThreadPoolTaskExecutor - Shutting down ExecutorService 'applicationTaskExecutor'
2021-oct.-09 00:55:21.607 INFO  [Thread-1] o.s.o.j.LocalContainerEntityManagerFactoryBean - Closing JPA EntityManagerFactory for persistence unit 'default'
2021-oct.-09 00:55:21.610 INFO  [Thread-1] c.z.h.HikariDataSource - HikariPool-1 - Shutdown initiated...
2021-oct.-09 00:55:21.614 INFO  [Thread-1] c.z.h.HikariDataSource - HikariPool-1 - Shutdown completed.
2021-oct.-09 01:01:39.814 INFO  [main] t.e.s.t.EmployeServiceTest - Starting EmployeServiceTest on DESKTOP-QOEUFNO with PID 8124 (started by ASUS in C:\Users\ASUS\eclipse-workspace\Timesheet-spring-boot-core-data-jpa-mvc-REST-1)
2021-oct.-09 01:01:39.815 INFO  [main] t.e.s.t.EmployeServiceTest - No active profile set, falling back to default profiles: default
2021-oct.-09 01:01:40.825 INFO  [main] o.s.d.r.c.RepositoryConfigurationDelegate - Bootstrapping Spring Data repositories in DEFAULT mode.
2021-oct.-09 01:01:40.941 INFO  [main] o.s.d.r.c.RepositoryConfigurationDelegate - Finished Spring Data repository scanning in 103ms. Found 6 repository interfaces.
2021-oct.-09 01:01:41.444 INFO  [main] o.s.c.s.PostProcessorRegistrationDelegate$BeanPostProcessorChecker - Bean 'org.springframework.transaction.annotation.ProxyTransactionManagementConfiguration' of type [org.springframework.transaction.annotation.ProxyTransactionManagementConfiguration$$EnhancerBySpringCGLIB$$bd2feb67] is not eligible for getting processed by all BeanPostProcessors (for example: not eligible for auto-proxying)
2021-oct.-09 01:01:41.711 INFO  [main] c.z.h.HikariDataSource - HikariPool-1 - Starting...
2021-oct.-09 01:01:41.919 INFO  [main] c.z.h.HikariDataSource - HikariPool-1 - Start completed.
2021-oct.-09 01:01:42.016 INFO  [main] o.h.j.i.u.LogHelper - HHH000204: Processing PersistenceUnitInfo [
	name: default
	...]
2021-oct.-09 01:01:42.110 INFO  [main] o.h.Version - HHH000412: Hibernate Core {5.3.9.Final}
2021-oct.-09 01:01:42.112 INFO  [main] o.h.c.Environment - HHH000206: hibernate.properties not found
2021-oct.-09 01:01:42.288 INFO  [main] o.h.a.c.Version - HCANN000001: Hibernate Commons Annotations {5.0.4.Final}
2021-oct.-09 01:01:42.539 INFO  [main] o.h.d.Dialect - HHH000400: Using dialect: org.hibernate.dialect.MySQL5Dialect
2021-oct.-09 01:01:43.638 INFO  [main] o.s.o.j.LocalContainerEntityManagerFactoryBean - Initialized JPA EntityManagerFactory for persistence unit 'default'
2021-oct.-09 01:01:44.020 INFO  [main] o.h.h.i.QueryTranslatorFactoryInitiator - HHH000397: Using ASTQueryTranslatorFactory
2021-oct.-09 01:01:45.141 INFO  [main] o.s.s.c.ThreadPoolTaskExecutor - Initializing ExecutorService 'applicationTaskExecutor'
2021-oct.-09 01:01:45.203 WARN  [main] o.s.b.a.o.j.JpaBaseConfiguration$JpaWebConfiguration$JpaWebMvcConfiguration - spring.jpa.open-in-view is enabled by default. Therefore, database queries may be performed during view rendering. Explicitly configure spring.jpa.open-in-view to disable this warning
2021-oct.-09 01:01:45.614 INFO  [main] t.e.s.t.EmployeServiceTest - Started EmployeServiceTest in 6.194 seconds (JVM running for 7.26)
2021-oct.-09 01:01:45.975 WARN  [main] o.h.e.l.i.LoadContexts - HHH000100: Fail-safe cleanup (collections) : org.hibernate.engine.loading.internal.CollectionLoadContext@3a5ffea<rs=HikariProxyResultSet@1841150825 wrapping Result set representing update count of -1>
2021-oct.-09 01:01:45.976 WARN  [main] o.h.e.l.i.CollectionLoadContext - HHH000160: On CollectionLoadContext#cleanup, localLoadingCollectionKeys contained [1] entries
2021-oct.-09 01:01:45.994 WARN  [main] o.h.e.l.i.LoadContexts - HHH000100: Fail-safe cleanup (collections) : org.hibernate.engine.loading.internal.CollectionLoadContext@64acf8d2<rs=HikariProxyResultSet@1942400533 wrapping Result set representing update count of -1>
2021-oct.-09 01:01:45.995 WARN  [main] o.h.e.l.i.CollectionLoadContext - HHH000160: On CollectionLoadContext#cleanup, localLoadingCollectionKeys contained [1] entries
2021-oct.-09 01:01:46.025 INFO  [Thread-1] o.s.s.c.ThreadPoolTaskExecutor - Shutting down ExecutorService 'applicationTaskExecutor'
2021-oct.-09 01:01:46.026 INFO  [Thread-1] o.s.o.j.LocalContainerEntityManagerFactoryBean - Closing JPA EntityManagerFactory for persistence unit 'default'
2021-oct.-09 01:01:46.029 INFO  [Thread-1] c.z.h.HikariDataSource - HikariPool-1 - Shutdown initiated...
2021-oct.-09 01:01:46.033 INFO  [Thread-1] c.z.h.HikariDataSource - HikariPool-1 - Shutdown completed.
2021-oct.-09 01:12:44.680 INFO  [main] t.e.s.t.EmployeServiceTest - Starting EmployeServiceTest on DESKTOP-QOEUFNO with PID 4608 (started by ASUS in C:\Users\ASUS\eclipse-workspace\Timesheet-spring-boot-core-data-jpa-mvc-REST-1)
2021-oct.-09 01:12:44.682 INFO  [main] t.e.s.t.EmployeServiceTest - No active profile set, falling back to default profiles: default
2021-oct.-09 01:12:45.589 INFO  [main] o.s.d.r.c.RepositoryConfigurationDelegate - Bootstrapping Spring Data repositories in DEFAULT mode.
2021-oct.-09 01:12:45.696 INFO  [main] o.s.d.r.c.RepositoryConfigurationDelegate - Finished Spring Data repository scanning in 97ms. Found 6 repository interfaces.
2021-oct.-09 01:12:46.250 INFO  [main] o.s.c.s.PostProcessorRegistrationDelegate$BeanPostProcessorChecker - Bean 'org.springframework.transaction.annotation.ProxyTransactionManagementConfiguration' of type [org.springframework.transaction.annotation.ProxyTransactionManagementConfiguration$$EnhancerBySpringCGLIB$$7bae2c7a] is not eligible for getting processed by all BeanPostProcessors (for example: not eligible for auto-proxying)
2021-oct.-09 01:12:46.602 INFO  [main] c.z.h.HikariDataSource - HikariPool-1 - Starting...
2021-oct.-09 01:12:46.800 INFO  [main] c.z.h.HikariDataSource - HikariPool-1 - Start completed.
2021-oct.-09 01:12:46.907 INFO  [main] o.h.j.i.u.LogHelper - HHH000204: Processing PersistenceUnitInfo [
	name: default
	...]
2021-oct.-09 01:12:46.999 INFO  [main] o.h.Version - HHH000412: Hibernate Core {5.3.9.Final}
2021-oct.-09 01:12:47.001 INFO  [main] o.h.c.Environment - HHH000206: hibernate.properties not found
2021-oct.-09 01:12:47.170 INFO  [main] o.h.a.c.Version - HCANN000001: Hibernate Commons Annotations {5.0.4.Final}
2021-oct.-09 01:12:47.453 INFO  [main] o.h.d.Dialect - HHH000400: Using dialect: org.hibernate.dialect.MySQL5Dialect
2021-oct.-09 01:12:48.496 INFO  [main] o.s.o.j.LocalContainerEntityManagerFactoryBean - Initialized JPA EntityManagerFactory for persistence unit 'default'
2021-oct.-09 01:12:48.870 INFO  [main] o.h.h.i.QueryTranslatorFactoryInitiator - HHH000397: Using ASTQueryTranslatorFactory
2021-oct.-09 01:12:49.915 INFO  [main] o.s.s.c.ThreadPoolTaskExecutor - Initializing ExecutorService 'applicationTaskExecutor'
2021-oct.-09 01:12:49.978 WARN  [main] o.s.b.a.o.j.JpaBaseConfiguration$JpaWebConfiguration$JpaWebMvcConfiguration - spring.jpa.open-in-view is enabled by default. Therefore, database queries may be performed during view rendering. Explicitly configure spring.jpa.open-in-view to disable this warning
2021-oct.-09 01:12:50.390 INFO  [main] t.e.s.t.EmployeServiceTest - Started EmployeServiceTest in 6.093 seconds (JVM running for 7.154)
2021-oct.-09 01:12:50.768 WARN  [main] o.h.e.l.i.LoadContexts - HHH000100: Fail-safe cleanup (collections) : org.hibernate.engine.loading.internal.CollectionLoadContext@3dbf3bc<rs=HikariProxyResultSet@720575162 wrapping Result set representing update count of -1>
2021-oct.-09 01:12:50.769 WARN  [main] o.h.e.l.i.CollectionLoadContext - HHH000160: On CollectionLoadContext#cleanup, localLoadingCollectionKeys contained [1] entries
2021-oct.-09 01:12:50.792 WARN  [main] o.h.e.l.i.LoadContexts - HHH000100: Fail-safe cleanup (collections) : org.hibernate.engine.loading.internal.CollectionLoadContext@61ec2cb5<rs=HikariProxyResultSet@375019897 wrapping Result set representing update count of -1>
2021-oct.-09 01:12:50.793 WARN  [main] o.h.e.l.i.CollectionLoadContext - HHH000160: On CollectionLoadContext#cleanup, localLoadingCollectionKeys contained [1] entries
2021-oct.-09 01:12:50.820 INFO  [Thread-1] o.s.s.c.ThreadPoolTaskExecutor - Shutting down ExecutorService 'applicationTaskExecutor'
2021-oct.-09 01:12:50.823 INFO  [Thread-1] o.s.o.j.LocalContainerEntityManagerFactoryBean - Closing JPA EntityManagerFactory for persistence unit 'default'
2021-oct.-09 01:12:50.827 INFO  [Thread-1] c.z.h.HikariDataSource - HikariPool-1 - Shutdown initiated...
2021-oct.-09 01:12:50.832 INFO  [Thread-1] c.z.h.HikariDataSource - HikariPool-1 - Shutdown completed.
2021-oct.-09 01:15:03.116 INFO  [main] t.e.s.t.EmployeServiceTest - Starting EmployeServiceTest on DESKTOP-QOEUFNO with PID 9828 (started by ASUS in C:\Users\ASUS\eclipse-workspace\Timesheet-spring-boot-core-data-jpa-mvc-REST-1)
2021-oct.-09 01:15:03.117 INFO  [main] t.e.s.t.EmployeServiceTest - No active profile set, falling back to default profiles: default
2021-oct.-09 01:15:03.958 INFO  [main] o.s.d.r.c.RepositoryConfigurationDelegate - Bootstrapping Spring Data repositories in DEFAULT mode.
2021-oct.-09 01:15:04.079 INFO  [main] o.s.d.r.c.RepositoryConfigurationDelegate - Finished Spring Data repository scanning in 108ms. Found 6 repository interfaces.
2021-oct.-09 01:15:04.565 INFO  [main] o.s.c.s.PostProcessorRegistrationDelegate$BeanPostProcessorChecker - Bean 'org.springframework.transaction.annotation.ProxyTransactionManagementConfiguration' of type [org.springframework.transaction.annotation.ProxyTransactionManagementConfiguration$$EnhancerBySpringCGLIB$$bd2feb67] is not eligible for getting processed by all BeanPostProcessors (for example: not eligible for auto-proxying)
2021-oct.-09 01:15:04.827 INFO  [main] c.z.h.HikariDataSource - HikariPool-1 - Starting...
2021-oct.-09 01:15:04.996 INFO  [main] c.z.h.HikariDataSource - HikariPool-1 - Start completed.
2021-oct.-09 01:15:05.096 INFO  [main] o.h.j.i.u.LogHelper - HHH000204: Processing PersistenceUnitInfo [
	name: default
	...]
2021-oct.-09 01:15:05.205 INFO  [main] o.h.Version - HHH000412: Hibernate Core {5.3.9.Final}
2021-oct.-09 01:15:05.208 INFO  [main] o.h.c.Environment - HHH000206: hibernate.properties not found
2021-oct.-09 01:15:05.392 INFO  [main] o.h.a.c.Version - HCANN000001: Hibernate Commons Annotations {5.0.4.Final}
2021-oct.-09 01:15:05.647 INFO  [main] o.h.d.Dialect - HHH000400: Using dialect: org.hibernate.dialect.MySQL5Dialect
2021-oct.-09 01:15:06.684 INFO  [main] o.s.o.j.LocalContainerEntityManagerFactoryBean - Initialized JPA EntityManagerFactory for persistence unit 'default'
2021-oct.-09 01:15:07.065 INFO  [main] o.h.h.i.QueryTranslatorFactoryInitiator - HHH000397: Using ASTQueryTranslatorFactory
2021-oct.-09 01:15:08.170 INFO  [main] o.s.s.c.ThreadPoolTaskExecutor - Initializing ExecutorService 'applicationTaskExecutor'
2021-oct.-09 01:15:08.240 WARN  [main] o.s.b.a.o.j.JpaBaseConfiguration$JpaWebConfiguration$JpaWebMvcConfiguration - spring.jpa.open-in-view is enabled by default. Therefore, database queries may be performed during view rendering. Explicitly configure spring.jpa.open-in-view to disable this warning
2021-oct.-09 01:15:08.664 INFO  [main] t.e.s.t.EmployeServiceTest - Started EmployeServiceTest in 6.01 seconds (JVM running for 7.05)
2021-oct.-09 01:15:09.136 INFO  [Thread-1] o.s.s.c.ThreadPoolTaskExecutor - Shutting down ExecutorService 'applicationTaskExecutor'
2021-oct.-09 01:15:09.139 INFO  [Thread-1] o.s.o.j.LocalContainerEntityManagerFactoryBean - Closing JPA EntityManagerFactory for persistence unit 'default'
2021-oct.-09 01:15:09.142 INFO  [Thread-1] c.z.h.HikariDataSource - HikariPool-1 - Shutdown initiated...
2021-oct.-09 01:15:09.148 INFO  [Thread-1] c.z.h.HikariDataSource - HikariPool-1 - Shutdown completed.
2021-oct.-09 01:34:42.855 INFO  [main] t.e.s.t.EmployeServiceTest - Starting EmployeServiceTest on DESKTOP-QOEUFNO with PID 4676 (started by ASUS in C:\Users\ASUS\eclipse-workspace\Timesheet-spring-boot-core-data-jpa-mvc-REST-1)
2021-oct.-09 01:34:42.857 INFO  [main] t.e.s.t.EmployeServiceTest - No active profile set, falling back to default profiles: default
2021-oct.-09 01:34:43.731 INFO  [main] o.s.d.r.c.RepositoryConfigurationDelegate - Bootstrapping Spring Data repositories in DEFAULT mode.
2021-oct.-09 01:34:43.840 INFO  [main] o.s.d.r.c.RepositoryConfigurationDelegate - Finished Spring Data repository scanning in 96ms. Found 6 repository interfaces.
2021-oct.-09 01:34:44.362 INFO  [main] o.s.c.s.PostProcessorRegistrationDelegate$BeanPostProcessorChecker - Bean 'org.springframework.transaction.annotation.ProxyTransactionManagementConfiguration' of type [org.springframework.transaction.annotation.ProxyTransactionManagementConfiguration$$EnhancerBySpringCGLIB$$4e0d3287] is not eligible for getting processed by all BeanPostProcessors (for example: not eligible for auto-proxying)
2021-oct.-09 01:34:44.619 INFO  [main] c.z.h.HikariDataSource - HikariPool-1 - Starting...
2021-oct.-09 01:34:44.797 INFO  [main] c.z.h.HikariDataSource - HikariPool-1 - Start completed.
2021-oct.-09 01:34:44.898 INFO  [main] o.h.j.i.u.LogHelper - HHH000204: Processing PersistenceUnitInfo [
	name: default
	...]
2021-oct.-09 01:34:45.000 INFO  [main] o.h.Version - HHH000412: Hibernate Core {5.3.9.Final}
2021-oct.-09 01:34:45.002 INFO  [main] o.h.c.Environment - HHH000206: hibernate.properties not found
2021-oct.-09 01:34:45.166 INFO  [main] o.h.a.c.Version - HCANN000001: Hibernate Commons Annotations {5.0.4.Final}
2021-oct.-09 01:34:45.408 INFO  [main] o.h.d.Dialect - HHH000400: Using dialect: org.hibernate.dialect.MySQL5Dialect
2021-oct.-09 01:34:46.501 INFO  [main] o.s.o.j.LocalContainerEntityManagerFactoryBean - Initialized JPA EntityManagerFactory for persistence unit 'default'
2021-oct.-09 01:34:46.990 INFO  [main] o.h.h.i.QueryTranslatorFactoryInitiator - HHH000397: Using ASTQueryTranslatorFactory
2021-oct.-09 01:34:48.095 INFO  [main] o.s.s.c.ThreadPoolTaskExecutor - Initializing ExecutorService 'applicationTaskExecutor'
2021-oct.-09 01:34:48.160 WARN  [main] o.s.b.a.o.j.JpaBaseConfiguration$JpaWebConfiguration$JpaWebMvcConfiguration - spring.jpa.open-in-view is enabled by default. Therefore, database queries may be performed during view rendering. Explicitly configure spring.jpa.open-in-view to disable this warning
2021-oct.-09 01:34:48.552 INFO  [main] t.e.s.t.EmployeServiceTest - Started EmployeServiceTest in 6.13 seconds (JVM running for 7.137)
2021-oct.-09 01:34:49.033 INFO  [Thread-1] o.s.s.c.ThreadPoolTaskExecutor - Shutting down ExecutorService 'applicationTaskExecutor'
2021-oct.-09 01:34:49.036 INFO  [Thread-1] o.s.o.j.LocalContainerEntityManagerFactoryBean - Closing JPA EntityManagerFactory for persistence unit 'default'
2021-oct.-09 01:34:49.039 INFO  [Thread-1] c.z.h.HikariDataSource - HikariPool-1 - Shutdown initiated...
2021-oct.-09 01:34:49.045 INFO  [Thread-1] c.z.h.HikariDataSource - HikariPool-1 - Shutdown completed.
2021-oct.-09 01:37:05.169 INFO  [main] t.e.s.t.EmployeServiceTest - Starting EmployeServiceTest on DESKTOP-QOEUFNO with PID 3604 (started by ASUS in C:\Users\ASUS\eclipse-workspace\Timesheet-spring-boot-core-data-jpa-mvc-REST-1)
2021-oct.-09 01:37:05.171 INFO  [main] t.e.s.t.EmployeServiceTest - No active profile set, falling back to default profiles: default
2021-oct.-09 01:37:06.051 INFO  [main] o.s.d.r.c.RepositoryConfigurationDelegate - Bootstrapping Spring Data repositories in DEFAULT mode.
2021-oct.-09 01:37:06.157 INFO  [main] o.s.d.r.c.RepositoryConfigurationDelegate - Finished Spring Data repository scanning in 97ms. Found 6 repository interfaces.
2021-oct.-09 01:37:06.686 INFO  [main] o.s.c.s.PostProcessorRegistrationDelegate$BeanPostProcessorChecker - Bean 'org.springframework.transaction.annotation.ProxyTransactionManagementConfiguration' of type [org.springframework.transaction.annotation.ProxyTransactionManagementConfiguration$$EnhancerBySpringCGLIB$$7dd3ea35] is not eligible for getting processed by all BeanPostProcessors (for example: not eligible for auto-proxying)
2021-oct.-09 01:37:06.954 INFO  [main] c.z.h.HikariDataSource - HikariPool-1 - Starting...
2021-oct.-09 01:37:07.135 INFO  [main] c.z.h.HikariDataSource - HikariPool-1 - Start completed.
2021-oct.-09 01:37:07.234 INFO  [main] o.h.j.i.u.LogHelper - HHH000204: Processing PersistenceUnitInfo [
	name: default
	...]
2021-oct.-09 01:37:07.345 INFO  [main] o.h.Version - HHH000412: Hibernate Core {5.3.9.Final}
2021-oct.-09 01:37:07.347 INFO  [main] o.h.c.Environment - HHH000206: hibernate.properties not found
2021-oct.-09 01:37:07.513 INFO  [main] o.h.a.c.Version - HCANN000001: Hibernate Commons Annotations {5.0.4.Final}
2021-oct.-09 01:37:07.756 INFO  [main] o.h.d.Dialect - HHH000400: Using dialect: org.hibernate.dialect.MySQL5Dialect
2021-oct.-09 01:37:08.814 INFO  [main] o.s.o.j.LocalContainerEntityManagerFactoryBean - Initialized JPA EntityManagerFactory for persistence unit 'default'
2021-oct.-09 01:37:09.181 INFO  [main] o.h.h.i.QueryTranslatorFactoryInitiator - HHH000397: Using ASTQueryTranslatorFactory
2021-oct.-09 01:37:10.202 INFO  [main] o.s.s.c.ThreadPoolTaskExecutor - Initializing ExecutorService 'applicationTaskExecutor'
2021-oct.-09 01:37:10.262 WARN  [main] o.s.b.a.o.j.JpaBaseConfiguration$JpaWebConfiguration$JpaWebMvcConfiguration - spring.jpa.open-in-view is enabled by default. Therefore, database queries may be performed during view rendering. Explicitly configure spring.jpa.open-in-view to disable this warning
2021-oct.-09 01:37:10.659 INFO  [main] t.e.s.t.EmployeServiceTest - Started EmployeServiceTest in 5.898 seconds (JVM running for 6.891)
2021-oct.-09 01:37:11.134 INFO  [Thread-1] o.s.s.c.ThreadPoolTaskExecutor - Shutting down ExecutorService 'applicationTaskExecutor'
2021-oct.-09 01:37:11.135 INFO  [Thread-1] o.s.o.j.LocalContainerEntityManagerFactoryBean - Closing JPA EntityManagerFactory for persistence unit 'default'
2021-oct.-09 01:37:11.138 INFO  [Thread-1] c.z.h.HikariDataSource - HikariPool-1 - Shutdown initiated...
2021-oct.-09 01:37:11.143 INFO  [Thread-1] c.z.h.HikariDataSource - HikariPool-1 - Shutdown completed.
2021-oct.-09 01:38:06.664 INFO  [main] t.e.s.t.EmployeServiceTest - Starting EmployeServiceTest on DESKTOP-QOEUFNO with PID 9048 (started by ASUS in C:\Users\ASUS\eclipse-workspace\Timesheet-spring-boot-core-data-jpa-mvc-REST-1)
2021-oct.-09 01:38:06.667 INFO  [main] t.e.s.t.EmployeServiceTest - No active profile set, falling back to default profiles: default
2021-oct.-09 01:38:07.464 INFO  [main] o.s.d.r.c.RepositoryConfigurationDelegate - Bootstrapping Spring Data repositories in DEFAULT mode.
2021-oct.-09 01:38:07.588 INFO  [main] o.s.d.r.c.RepositoryConfigurationDelegate - Finished Spring Data repository scanning in 112ms. Found 6 repository interfaces.
2021-oct.-09 01:38:08.080 INFO  [main] o.s.c.s.PostProcessorRegistrationDelegate$BeanPostProcessorChecker - Bean 'org.springframework.transaction.annotation.ProxyTransactionManagementConfiguration' of type [org.springframework.transaction.annotation.ProxyTransactionManagementConfiguration$$EnhancerBySpringCGLIB$$35d95b3] is not eligible for getting processed by all BeanPostProcessors (for example: not eligible for auto-proxying)
2021-oct.-09 01:38:08.345 INFO  [main] c.z.h.HikariDataSource - HikariPool-1 - Starting...
2021-oct.-09 01:38:08.520 INFO  [main] c.z.h.HikariDataSource - HikariPool-1 - Start completed.
2021-oct.-09 01:38:08.614 INFO  [main] o.h.j.i.u.LogHelper - HHH000204: Processing PersistenceUnitInfo [
	name: default
	...]
2021-oct.-09 01:38:08.713 INFO  [main] o.h.Version - HHH000412: Hibernate Core {5.3.9.Final}
2021-oct.-09 01:38:08.715 INFO  [main] o.h.c.Environment - HHH000206: hibernate.properties not found
2021-oct.-09 01:38:08.886 INFO  [main] o.h.a.c.Version - HCANN000001: Hibernate Commons Annotations {5.0.4.Final}
2021-oct.-09 01:38:09.139 INFO  [main] o.h.d.Dialect - HHH000400: Using dialect: org.hibernate.dialect.MySQL5Dialect
2021-oct.-09 01:38:10.187 INFO  [main] o.s.o.j.LocalContainerEntityManagerFactoryBean - Initialized JPA EntityManagerFactory for persistence unit 'default'
2021-oct.-09 01:38:10.572 INFO  [main] o.h.h.i.QueryTranslatorFactoryInitiator - HHH000397: Using ASTQueryTranslatorFactory
2021-oct.-09 01:38:11.680 INFO  [main] o.s.s.c.ThreadPoolTaskExecutor - Initializing ExecutorService 'applicationTaskExecutor'
2021-oct.-09 01:38:11.745 WARN  [main] o.s.b.a.o.j.JpaBaseConfiguration$JpaWebConfiguration$JpaWebMvcConfiguration - spring.jpa.open-in-view is enabled by default. Therefore, database queries may be performed during view rendering. Explicitly configure spring.jpa.open-in-view to disable this warning
2021-oct.-09 01:38:12.163 INFO  [main] t.e.s.t.EmployeServiceTest - Started EmployeServiceTest in 5.896 seconds (JVM running for 6.908)
2021-oct.-09 01:38:12.680 INFO  [Thread-1] o.s.s.c.ThreadPoolTaskExecutor - Shutting down ExecutorService 'applicationTaskExecutor'
2021-oct.-09 01:38:12.682 INFO  [Thread-1] o.s.o.j.LocalContainerEntityManagerFactoryBean - Closing JPA EntityManagerFactory for persistence unit 'default'
2021-oct.-09 01:38:12.685 INFO  [Thread-1] c.z.h.HikariDataSource - HikariPool-1 - Shutdown initiated...
2021-oct.-09 01:38:12.690 INFO  [Thread-1] c.z.h.HikariDataSource - HikariPool-1 - Shutdown completed.
2021-oct.-09 01:38:56.330 INFO  [main] t.e.s.t.EmployeServiceTest - Starting EmployeServiceTest on DESKTOP-QOEUFNO with PID 11348 (started by ASUS in C:\Users\ASUS\eclipse-workspace\Timesheet-spring-boot-core-data-jpa-mvc-REST-1)
2021-oct.-09 01:38:56.332 INFO  [main] t.e.s.t.EmployeServiceTest - No active profile set, falling back to default profiles: default
2021-oct.-09 01:38:57.181 INFO  [main] o.s.d.r.c.RepositoryConfigurationDelegate - Bootstrapping Spring Data repositories in DEFAULT mode.
2021-oct.-09 01:38:57.297 INFO  [main] o.s.d.r.c.RepositoryConfigurationDelegate - Finished Spring Data repository scanning in 103ms. Found 6 repository interfaces.
2021-oct.-09 01:38:57.797 INFO  [main] o.s.c.s.PostProcessorRegistrationDelegate$BeanPostProcessorChecker - Bean 'org.springframework.transaction.annotation.ProxyTransactionManagementConfiguration' of type [org.springframework.transaction.annotation.ProxyTransactionManagementConfiguration$$EnhancerBySpringCGLIB$$bd2feb67] is not eligible for getting processed by all BeanPostProcessors (for example: not eligible for auto-proxying)
2021-oct.-09 01:38:58.058 INFO  [main] c.z.h.HikariDataSource - HikariPool-1 - Starting...
2021-oct.-09 01:38:58.250 INFO  [main] c.z.h.HikariDataSource - HikariPool-1 - Start completed.
2021-oct.-09 01:38:58.333 INFO  [main] o.h.j.i.u.LogHelper - HHH000204: Processing PersistenceUnitInfo [
	name: default
	...]
2021-oct.-09 01:38:58.423 INFO  [main] o.h.Version - HHH000412: Hibernate Core {5.3.9.Final}
2021-oct.-09 01:38:58.424 INFO  [main] o.h.c.Environment - HHH000206: hibernate.properties not found
2021-oct.-09 01:38:58.591 INFO  [main] o.h.a.c.Version - HCANN000001: Hibernate Commons Annotations {5.0.4.Final}
2021-oct.-09 01:38:58.854 INFO  [main] o.h.d.Dialect - HHH000400: Using dialect: org.hibernate.dialect.MySQL5Dialect
2021-oct.-09 01:38:59.924 INFO  [main] o.s.o.j.LocalContainerEntityManagerFactoryBean - Initialized JPA EntityManagerFactory for persistence unit 'default'
2021-oct.-09 01:39:00.287 INFO  [main] o.h.h.i.QueryTranslatorFactoryInitiator - HHH000397: Using ASTQueryTranslatorFactory
2021-oct.-09 01:39:01.363 INFO  [main] o.s.s.c.ThreadPoolTaskExecutor - Initializing ExecutorService 'applicationTaskExecutor'
2021-oct.-09 01:39:01.427 WARN  [main] o.s.b.a.o.j.JpaBaseConfiguration$JpaWebConfiguration$JpaWebMvcConfiguration - spring.jpa.open-in-view is enabled by default. Therefore, database queries may be performed during view rendering. Explicitly configure spring.jpa.open-in-view to disable this warning
2021-oct.-09 01:39:01.824 INFO  [main] t.e.s.t.EmployeServiceTest - Started EmployeServiceTest in 5.955 seconds (JVM running for 6.97)
2021-oct.-09 01:39:02.327 INFO  [Thread-1] o.s.s.c.ThreadPoolTaskExecutor - Shutting down ExecutorService 'applicationTaskExecutor'
2021-oct.-09 01:39:02.329 INFO  [Thread-1] o.s.o.j.LocalContainerEntityManagerFactoryBean - Closing JPA EntityManagerFactory for persistence unit 'default'
2021-oct.-09 01:39:02.332 INFO  [Thread-1] c.z.h.HikariDataSource - HikariPool-1 - Shutdown initiated...
2021-oct.-09 01:39:02.338 INFO  [Thread-1] c.z.h.HikariDataSource - HikariPool-1 - Shutdown completed.
2021-oct.-09 01:39:50.507 INFO  [main] t.e.s.t.EmployeServiceTest - Starting EmployeServiceTest on DESKTOP-QOEUFNO with PID 2364 (started by ASUS in C:\Users\ASUS\eclipse-workspace\Timesheet-spring-boot-core-data-jpa-mvc-REST-1)
2021-oct.-09 01:39:50.509 INFO  [main] t.e.s.t.EmployeServiceTest - No active profile set, falling back to default profiles: default
2021-oct.-09 01:39:51.320 INFO  [main] o.s.d.r.c.RepositoryConfigurationDelegate - Bootstrapping Spring Data repositories in DEFAULT mode.
2021-oct.-09 01:39:51.436 INFO  [main] o.s.d.r.c.RepositoryConfigurationDelegate - Finished Spring Data repository scanning in 102ms. Found 6 repository interfaces.
2021-oct.-09 01:39:51.893 INFO  [main] o.s.c.s.PostProcessorRegistrationDelegate$BeanPostProcessorChecker - Bean 'org.springframework.transaction.annotation.ProxyTransactionManagementConfiguration' of type [org.springframework.transaction.annotation.ProxyTransactionManagementConfiguration$$EnhancerBySpringCGLIB$$c3b57879] is not eligible for getting processed by all BeanPostProcessors (for example: not eligible for auto-proxying)
2021-oct.-09 01:39:52.154 INFO  [main] c.z.h.HikariDataSource - HikariPool-1 - Starting...
2021-oct.-09 01:39:52.330 INFO  [main] c.z.h.HikariDataSource - HikariPool-1 - Start completed.
2021-oct.-09 01:39:52.434 INFO  [main] o.h.j.i.u.LogHelper - HHH000204: Processing PersistenceUnitInfo [
	name: default
	...]
2021-oct.-09 01:39:52.523 INFO  [main] o.h.Version - HHH000412: Hibernate Core {5.3.9.Final}
2021-oct.-09 01:39:52.525 INFO  [main] o.h.c.Environment - HHH000206: hibernate.properties not found
2021-oct.-09 01:39:52.718 INFO  [main] o.h.a.c.Version - HCANN000001: Hibernate Commons Annotations {5.0.4.Final}
2021-oct.-09 01:39:52.965 INFO  [main] o.h.d.Dialect - HHH000400: Using dialect: org.hibernate.dialect.MySQL5Dialect
2021-oct.-09 01:39:54.021 INFO  [main] o.s.o.j.LocalContainerEntityManagerFactoryBean - Initialized JPA EntityManagerFactory for persistence unit 'default'
2021-oct.-09 01:39:54.386 INFO  [main] o.h.h.i.QueryTranslatorFactoryInitiator - HHH000397: Using ASTQueryTranslatorFactory
2021-oct.-09 01:39:55.425 INFO  [main] o.s.s.c.ThreadPoolTaskExecutor - Initializing ExecutorService 'applicationTaskExecutor'
2021-oct.-09 01:39:55.486 WARN  [main] o.s.b.a.o.j.JpaBaseConfiguration$JpaWebConfiguration$JpaWebMvcConfiguration - spring.jpa.open-in-view is enabled by default. Therefore, database queries may be performed during view rendering. Explicitly configure spring.jpa.open-in-view to disable this warning
2021-oct.-09 01:39:55.895 INFO  [main] t.e.s.t.EmployeServiceTest - Started EmployeServiceTest in 5.755 seconds (JVM running for 6.735)
2021-oct.-09 01:39:56.403 INFO  [Thread-1] o.s.s.c.ThreadPoolTaskExecutor - Shutting down ExecutorService 'applicationTaskExecutor'
2021-oct.-09 01:39:56.404 INFO  [Thread-1] o.s.o.j.LocalContainerEntityManagerFactoryBean - Closing JPA EntityManagerFactory for persistence unit 'default'
2021-oct.-09 01:39:56.408 INFO  [Thread-1] c.z.h.HikariDataSource - HikariPool-1 - Shutdown initiated...
2021-oct.-09 01:39:56.414 INFO  [Thread-1] c.z.h.HikariDataSource - HikariPool-1 - Shutdown completed.
